<?xml version="1.0" encoding="UTF-8"?>
<!-- Generated by org.testng.reporters.JUnitXMLReporter -->
<testsuite ignored="3" hostname="DESKTOP-7VJ2L9T" failures="0" tests="1" name="Default test" time="4.177" errors="0" timestamp="2023-08-25T22:11:18 IST">
  <testcase classname="api.Tests.UserTests" name="getUserbyuserName" time="3.728"/>
  <testcase classname="api.Tests.UserTests" name="testCreateUser" time="0.0">
    <ignored/>
  </testcase> <!-- testCreateUser -->
  <testcase classname="api.Tests.UserTests" name="deleteUser" time="0.0">
    <ignored/>
  </testcase> <!-- deleteUser -->
  <testcase classname="api.Tests.UserTests" name="updateUserByuserName" time="0.0">
    <ignored/>
  </testcase> <!-- updateUserByuserName -->
</testsuite> <!-- Default test -->
