<?xml version="1.0" encoding="UTF-8"?>
<!-- Generated by org.testng.reporters.JUnitXMLReporter -->
<testsuite ignored="0" hostname="DESKTOP-7VJ2L9T" failures="0" tests="4" name="Regression" time="9.491" errors="0" timestamp="2023-08-25T23:33:14 IST">
  <testcase classname="api.Tests.UserTests" name="testCreateUser" time="4.482"/>
  <testcase classname="api.Tests.UserTests" name="getUserbyuserName" time="1.342"/>
  <testcase classname="api.Tests.UserTests" name="updateUserByuserName" time="1.401"/>
  <testcase classname="api.Tests.UserTests" name="deleteUser" time="1.327"/>
</testsuite> <!-- Regression -->
