<?xml version="1.0" encoding="UTF-8"?>
<!-- Generated by org.testng.reporters.JUnitXMLReporter -->
<testsuite ignored="0" hostname="DESKTOP-7VJ2L9T" failures="0" tests="4" name="Regression" time="12.254" errors="0" timestamp="2023-08-27T22:04:05 IST">
  <testcase classname="api.Tests.UserTests" name="testCreateUser" time="4.794"/>
  <testcase classname="api.Tests.UserTests" name="getUserbyuserName" time="1.973"/>
  <testcase classname="api.Tests.UserTests" name="updateUserByuserName" time="2.883"/>
  <testcase classname="api.Tests.UserTests" name="deleteUser" time="1.57"/>
</testsuite> <!-- Regression -->
