<?xml version="1.0" encoding="UTF-8"?>
<testng-results ignored="0" total="4" passed="4" failed="0" skipped="0">
  <reporter-output>
  </reporter-output>
  <suite started-at="2023-08-27T22:03:52 IST" name="RestAssured Test Automation Test Suite" finished-at="2023-08-27T22:04:04 IST" duration-ms="12254">
    <groups>
    </groups>
    <test started-at="2023-08-27T22:03:52 IST" name="Regression" finished-at="2023-08-27T22:04:04 IST" duration-ms="12254">
      <class name="api.Tests.UserTests">
        <test-method is-config="true" signature="setUp()[pri:0, instance:api.Tests.UserTests@45099dd3]" started-at="2023-08-27T22:03:52 IST" name="setUp" finished-at="2023-08-27T22:03:53 IST" duration-ms="375" status="PASS">
          <reporter-output>
          </reporter-output>
        </test-method> <!-- setUp -->
        <test-method signature="testCreateUser()[pri:1, instance:api.Tests.UserTests@45099dd3]" started-at="2023-08-27T22:03:53 IST" name="testCreateUser" finished-at="2023-08-27T22:03:57 IST" duration-ms="4794" status="PASS">
          <reporter-output>
          </reporter-output>
        </test-method> <!-- testCreateUser -->
        <test-method signature="getUserbyuserName()[pri:2, instance:api.Tests.UserTests@45099dd3]" started-at="2023-08-27T22:03:57 IST" name="getUserbyuserName" finished-at="2023-08-27T22:03:59 IST" duration-ms="1973" status="PASS">
          <reporter-output>
          </reporter-output>
        </test-method> <!-- getUserbyuserName -->
        <test-method signature="updateUserByuserName()[pri:3, instance:api.Tests.UserTests@45099dd3]" started-at="2023-08-27T22:03:59 IST" name="updateUserByuserName" finished-at="2023-08-27T22:04:02 IST" duration-ms="2883" status="PASS">
          <reporter-output>
          </reporter-output>
        </test-method> <!-- updateUserByuserName -->
        <test-method signature="deleteUser()[pri:4, instance:api.Tests.UserTests@45099dd3]" started-at="2023-08-27T22:04:02 IST" name="deleteUser" finished-at="2023-08-27T22:04:04 IST" duration-ms="1570" status="PASS">
          <reporter-output>
          </reporter-output>
        </test-method> <!-- deleteUser -->
      </class> <!-- api.Tests.UserTests -->
    </test> <!-- Regression -->
  </suite> <!-- RestAssured Test Automation Test Suite -->
</testng-results>
