<?xml version="1.0" encoding="UTF-8"?>
<testng-results ignored="0" total="4" passed="4" failed="0" skipped="0">
  <reporter-output>
  </reporter-output>
  <suite started-at="2023-08-25T23:33:04 IST" name="RestAssured Test Automation Test Suite" finished-at="2023-08-25T23:33:14 IST" duration-ms="9491">
    <groups>
    </groups>
    <test started-at="2023-08-25T23:33:04 IST" name="Regression" finished-at="2023-08-25T23:33:14 IST" duration-ms="9491">
      <class name="api.Tests.UserTests">
        <test-method is-config="true" signature="setUp()[pri:0, instance:api.Tests.UserTests@2794eab6]" started-at="2023-08-25T23:33:05 IST" name="setUp" finished-at="2023-08-25T23:33:05 IST" duration-ms="397" status="PASS">
          <reporter-output>
          </reporter-output>
        </test-method> <!-- setUp -->
        <test-method signature="testCreateUser()[pri:1, instance:api.Tests.UserTests@2794eab6]" started-at="2023-08-25T23:33:05 IST" name="testCreateUser" finished-at="2023-08-25T23:33:10 IST" duration-ms="4482" status="PASS">
          <reporter-output>
          </reporter-output>
        </test-method> <!-- testCreateUser -->
        <test-method signature="getUserbyuserName()[pri:2, instance:api.Tests.UserTests@2794eab6]" started-at="2023-08-25T23:33:10 IST" name="getUserbyuserName" finished-at="2023-08-25T23:33:11 IST" duration-ms="1342" status="PASS">
          <reporter-output>
          </reporter-output>
        </test-method> <!-- getUserbyuserName -->
        <test-method signature="updateUserByuserName()[pri:3, instance:api.Tests.UserTests@2794eab6]" started-at="2023-08-25T23:33:11 IST" name="updateUserByuserName" finished-at="2023-08-25T23:33:13 IST" duration-ms="1401" status="PASS">
          <reporter-output>
          </reporter-output>
        </test-method> <!-- updateUserByuserName -->
        <test-method signature="deleteUser()[pri:4, instance:api.Tests.UserTests@2794eab6]" started-at="2023-08-25T23:33:13 IST" name="deleteUser" finished-at="2023-08-25T23:33:14 IST" duration-ms="1327" status="PASS">
          <reporter-output>
          </reporter-output>
        </test-method> <!-- deleteUser -->
      </class> <!-- api.Tests.UserTests -->
    </test> <!-- Regression -->
  </suite> <!-- RestAssured Test Automation Test Suite -->
</testng-results>
